staring..
Wed Dec 18 13:37:28 CET 2019
/u/l/lipe/MPI/MPI_pro/matrix.c: In function ‘print_matrx’:
/u/l/lipe/MPI/MPI_pro/matrix.c:49:13: warning: implicit declaration of function ‘printf’ [-Wimplicit-function-declaration]
             printf("%d ",a[i*col + j]);
             ^
/u/l/lipe/MPI/MPI_pro/matrix.c:49:13: warning: incompatible implicit declaration of built-in function ‘printf’ [enabled by default]
/u/l/lipe/MPI/MPI_pro/matrix.c:51:9: warning: incompatible implicit declaration of built-in function ‘printf’ [enabled by default]
         printf("\n");
         ^
/u/l/lipe/MPI/MPI_pro/matrix.c:53:5: warning: incompatible implicit declaration of built-in function ‘printf’ [enabled by default]
     printf("\n");
     ^
/u/l/lipe/MPI/MPI_pro/matrix.c: In function ‘matrix_multiple’:
/u/l/lipe/MPI/MPI_pro/matrix.c:60:5: warning: implicit declaration of function ‘memset’ [-Wimplicit-function-declaration]
     memset(tmp_C,0,sizeof(int)*row1*col2);
     ^
/u/l/lipe/MPI/MPI_pro/matrix.c:60:5: warning: incompatible implicit declaration of built-in function ‘memset’ [enabled by default]
/u/l/lipe/MPI/MPI_pro/matrix.c: In function ‘block_scatter_matrix’:
/u/l/lipe/MPI/MPI_pro/matrix.c:106:17: warning: implicit declaration of function ‘memcpy’ [-Wimplicit-function-declaration]
                 memcpy(Bufer,get_block(i*row,j*col,row,col,matrix,lencol),row*col*sizeof(int));
                 ^
/u/l/lipe/MPI/MPI_pro/matrix.c:106:17: warning: incompatible implicit declaration of built-in function ‘memcpy’ [enabled by default]
/u/l/lipe/MPI/MPI_pro/matrix.c: In function ‘preprocessing_matrix’:
/u/l/lipe/MPI/MPI_pro/matrix.c:121:9: warning: implicit declaration of function ‘get_left_index’ [-Wimplicit-function-declaration]
         MPI_Sendrecv(left,left_r*left_c,MPI_INT,get_left_index(rank,block_size),102,
         ^
/u/l/lipe/MPI/MPI_pro/matrix.c:122:18: warning: implicit declaration of function ‘get_right_index’ [-Wimplicit-function-declaration]
                  left_Buf,left_r*left_c,MPI_INT,get_right_index(rank,block_size),102,MPI_COMM_WORLD,&status);
                  ^
/u/l/lipe/MPI/MPI_pro/matrix.c:123:9: warning: incompatible implicit declaration of built-in function ‘memcpy’ [enabled by default]
         memcpy(left,left_Buf,left_r*left_c*sizeof(int));
         ^
/u/l/lipe/MPI/MPI_pro/matrix.c:127:9: warning: implicit declaration of function ‘get_up_index’ [-Wimplicit-function-declaration]
         MPI_Sendrecv(right,right_r*right_c,MPI_INT,get_up_index(rank,block_size),103,
         ^
/u/l/lipe/MPI/MPI_pro/matrix.c:128:18: warning: implicit declaration of function ‘get_down_index’ [-Wimplicit-function-declaration]
                  right_Buf,right_r*right_c,MPI_INT,get_down_index(rank,block_size),103,MPI_COMM_WORLD,&status);
                  ^
/u/l/lipe/MPI/MPI_pro/matrix.c:129:9: warning: incompatible implicit declaration of built-in function ‘memcpy’ [enabled by default]
         memcpy(right,right_Buf,right_r*right_c*sizeof(int));
         ^
/u/l/lipe/MPI/MPI_pro/matrix.c: In function ‘cannon’:
/u/l/lipe/MPI/MPI_pro/matrix.c:161:5: warning: incompatible implicit declaration of built-in function ‘memset’ [enabled by default]
     memset(result,0,sizeof(result));
     ^
/u/l/lipe/MPI/MPI_pro/matrix.c:174:9: warning: incompatible implicit declaration of built-in function ‘memcpy’ [enabled by default]
         memcpy(left,left_Buf,left_r*left_c*sizeof(int));
         ^
/u/l/lipe/MPI/MPI_pro/matrix.c: In function ‘main’:
/u/l/lipe/MPI/MPI_pro/matrix.c:209:9: warning: incompatible implicit declaration of built-in function ‘printf’ [enabled by default]
         printf("we have %d process\n",size);
         ^
/u/l/lipe/MPI/MPI_pro/matrix.c:228:9: warning: incompatible implicit declaration of built-in function ‘printf’ [enabled by default]
         printf("normal take time %f \n",e-s);
         ^
/u/l/lipe/MPI/MPI_pro/matrix.c:277:9: warning: incompatible implicit declaration of built-in function ‘printf’ [enabled by default]
         printf("cannon time %f \n",e-s);
         ^
we have 25 process
normal take time 0.931052 
cannon time 0.045077 
Wed Dec 18 13:37:30 CET 2019
